
=== Sun Jan  5 20:58:20 2020

Packages were changed.
Update Mode: mergeDefaultDependencies

The following packages were 已增加:
  com.unity.textmeshpro@2.0.1
  com.unity.package-manager-ui@2.2.0
  com.unity.collab-proxy@1.2.16
  com.unity.ext.nunit@1.0.0
  com.unity.test-framework@1.0.13
  com.unity.timeline@1.1.0
  com.unity.ide.vscode@1.1.2
  com.unity.ide.rider@1.1.0
  com.unity.ugui@1.0.0
  com.unity.modules.ai@1.0.0
  com.unity.modules.animation@1.0.0
  com.unity.modules.androidjni@1.0.0
  com.unity.modules.assetbundle@1.0.0
  com.unity.modules.audio@1.0.0
  com.unity.modules.cloth@1.0.0
  com.unity.modules.director@1.0.0
  com.unity.modules.imageconversion@1.0.0
  com.unity.modules.imgui@1.0.0
  com.unity.modules.jsonserialize@1.0.0
  com.unity.modules.particlesystem@1.0.0
  com.unity.modules.physics@1.0.0
  com.unity.modules.physics2d@1.0.0
  com.unity.modules.screencapture@1.0.0
  com.unity.modules.terrain@1.0.0
  com.unity.modules.terrainphysics@1.0.0
  com.unity.modules.tilemap@1.0.0
  com.unity.modules.ui@1.0.0
  com.unity.modules.uielements@1.0.0
  com.unity.modules.umbra@1.0.0
  com.unity.modules.unityanalytics@1.0.0
  com.unity.modules.unitywebrequest@1.0.0
  com.unity.modules.unitywebrequestassetbundle@1.0.0
  com.unity.modules.unitywebrequestaudio@1.0.0
  com.unity.modules.unitywebrequesttexture@1.0.0
  com.unity.modules.unitywebrequestwww@1.0.0
  com.unity.modules.vehicles@1.0.0
  com.unity.modules.video@1.0.0
  com.unity.modules.vr@1.0.0
  com.unity.modules.wind@1.0.0
  com.unity.modules.xr@1.0.0

=== Thu Aug  4 18:55:04 2022

Packages were changed.
Update Mode: updateDependencies

The following packages were 已增加:
  com.unity.ide.visualstudio@2.0.16
The following packages were 已更新:
  com.unity.collab-proxy 從版本 1.2.16 到 1.17.1
  com.unity.ext.nunit 從版本 1.0.0 到 1.0.6
  com.unity.ide.rider 從版本 1.1.0 到 3.0.15
  com.unity.ide.vscode 從版本 1.1.2 到 1.2.5
  com.unity.test-framework 從版本 1.0.13 到 1.1.31
  com.unity.textmeshpro 從版本 2.0.1 到 3.0.6
  com.unity.timeline 從版本 1.1.0 到 1.6.4
The following packages were 已移除:
  com.unity.package-manager-ui@2.2.0
